<?xml version="1.0" encoding="UTF-8"?>
<!-- Generated by org.testng.reporters.JUnitReportReporter -->
<testsuite hostname="MININT-BUAFKLE" name="testClass2" tests="1" failures="0" timestamp="15 Aug 2013 11:05:40 GMT" time="0.020" errors="0">
  <testcase name="test" time="0.020" classname="testClass2"/>
</testsuite> <!-- testClass2 -->
