<?xml version="1.0" encoding="UTF-8"?>
<!-- Generated by org.testng.reporters.JUnitReportReporter -->
<testsuite hostname="MININT-BUAFKLE" name="testCase_1" tests="2" failures="0" timestamp="15 Aug 2013 14:50:17 GMT" time="0.006" errors="0">
  <testcase name="testClass2" time="0.000" classname="testCase_1"/>
  <testcase name="testClass" time="0.006" classname="testCase_1"/>
</testsuite> <!-- testCase_1 -->
