<?xml version="1.0" encoding="UTF-8"?>
<!-- Generated by org.testng.reporters.JUnitReportReporter -->
<testsuite hostname="Selenium-W2A" name="testParameterization" tests="5" failures="0" timestamp="3 Aug 2013 11:52:08 GMT" time="10.374" errors="0">
  <testcase name="testData" time="1.905" classname="testParameterization"/>
  <testcase name="testData" time="1.905" classname="testParameterization"/>
  <testcase name="testData" time="3.360" classname="testParameterization"/>
  <testcase name="testLogin" time="0.000" classname="testParameterization"/>
  <testcase name="testData" time="3.204" classname="testParameterization"/>
</testsuite>
