<?xml version="1.0" encoding="UTF-8"?>
<!-- Generated by org.testng.reporters.JUnitReportReporter -->
<testsuite hostname="Selenium-W2A" name="testCase1" tests="1" failures="0" timestamp="3 Aug 2013 11:52:08 GMT" time="0.000" errors="0">
  <testcase name="testLogin" time="0.000" classname="testCase1"/>
</testsuite>
